<?xml version="1.0" encoding="UTF-8"?>
<!-- Generated by org.testng.reporters.JUnitXMLReporter -->
<testsuite ignored="1" hostname="DESKTOP-DS40RAL" failures="0" tests="1" name="Test" time="22.409" errors="0" timestamp="2023-04-14T19:26:33 IST">
  <testcase classname="InsuranceCalculator_Motorcycle.ErrorHandlingCylinderCapacity_001" name="verifyModelOptionDropdown" time="3.62"/>
  <testcase classname="InsuranceCalculator_Motorcycle.ErrorHandlingCylinderCapacity_001" name="errorHandlingCylCap" time="0.0">
    <ignored/>
  </testcase> <!-- errorHandlingCylCap -->
</testsuite> <!-- Test -->
