<?xml version="1.0" encoding="UTF-8"?>
<!-- Generated by org.testng.reporters.JUnitXMLReporter -->
<testsuite ignored="1" hostname="DESKTOP-DS40RAL" failures="0" tests="2" name="Test" time="62.339" errors="0" timestamp="2023-04-15T15:06:12 IST">
  <testcase classname="InsuranceCalculator_Motorcycle.ErrorHandlingCylinderCapacity_001" name="verifyModelOptionDropdown" time="3.227"/>
  <testcase classname="InsuranceCalculator_Motorcycle.EndToEndTest" name="InsuranceMotorcycle" time="2.348"/>
  <testcase classname="InsuranceCalculator_Motorcycle.ErrorHandlingCylinderCapacity_001" name="errorHandlingCylCap" time="0.0">
    <ignored/>
  </testcase> <!-- errorHandlingCylCap -->
</testsuite> <!-- Test -->
