<?xml version="1.0" encoding="UTF-8"?>
<testng-results ignored="0" total="1" passed="1" failed="0" skipped="0">
  <reporter-output>
  </reporter-output>
  <suite started-at="2023-04-08T18:45:47 IST" name="Suite" finished-at="2023-04-08T18:46:12 IST" duration-ms="25104">
    <groups>
    </groups>
    <test started-at="2023-04-08T18:45:47 IST" name="Test" finished-at="2023-04-08T18:46:12 IST" duration-ms="25104">
      <class name="InsuranceCalculator_Motorcycle.ErrorHandlingCylinderCapacity_001">
        <test-method is-config="true" signature="setupMethod()[pri:0, instance:InsuranceCalculator_Motorcycle.ErrorHandlingCylinderCapacity_001@bae7dc0]" started-at="2023-04-08T18:45:47 IST" name="setupMethod" finished-at="2023-04-08T18:46:11 IST" duration-ms="23811" status="PASS">
          <reporter-output>
          </reporter-output>
        </test-method> <!-- setupMethod -->
        <test-method signature="errorHandlingCylCap()[pri:0, instance:InsuranceCalculator_Motorcycle.ErrorHandlingCylinderCapacity_001@bae7dc0]" started-at="2023-04-08T18:46:11 IST" name="errorHandlingCylCap" finished-at="2023-04-08T18:46:12 IST" duration-ms="1103" status="PASS">
          <reporter-output>
          </reporter-output>
        </test-method> <!-- errorHandlingCylCap -->
        <test-method is-config="true" signature="tearDown()[pri:0, instance:InsuranceCalculator_Motorcycle.ErrorHandlingCylinderCapacity_001@bae7dc0]" started-at="2023-04-08T18:46:12 IST" name="tearDown" finished-at="2023-04-08T18:46:12 IST" duration-ms="142" status="PASS">
          <reporter-output>
          </reporter-output>
        </test-method> <!-- tearDown -->
      </class> <!-- InsuranceCalculator_Motorcycle.ErrorHandlingCylinderCapacity_001 -->
    </test> <!-- Test -->
  </suite> <!-- Suite -->
</testng-results>
