<?xml version="1.0" encoding="UTF-8"?>
<testng-results ignored="0" total="1" passed="1" failed="0" skipped="0">
  <reporter-output>
  </reporter-output>
  <suite started-at="2023-04-15T18:05:09 IST" name="Default suite" finished-at="2023-04-15T18:05:29 IST" duration-ms="19575">
    <groups>
    </groups>
    <test started-at="2023-04-15T18:05:09 IST" name="Default test" finished-at="2023-04-15T18:05:29 IST" duration-ms="19575">
      <class name="InsuranceCalculator_Motorcycle.EndToEndTest">
        <test-method is-config="true" signature="setupMethod()[pri:0, instance:InsuranceCalculator_Motorcycle.EndToEndTest@5824a83d]" started-at="2023-04-15T18:05:09 IST" name="setupMethod" finished-at="2023-04-15T18:05:24 IST" duration-ms="14838" status="PASS">
          <reporter-output>
          </reporter-output>
        </test-method> <!-- setupMethod -->
        <test-method signature="InsuranceMotorcycle()[pri:0, instance:InsuranceCalculator_Motorcycle.EndToEndTest@5824a83d]" started-at="2023-04-15T18:05:24 IST" name="InsuranceMotorcycle" finished-at="2023-04-15T18:05:29 IST" duration-ms="4685" status="PASS">
          <reporter-output>
          </reporter-output>
        </test-method> <!-- InsuranceMotorcycle -->
        <test-method is-config="true" signature="tearDown()[pri:0, instance:InsuranceCalculator_Motorcycle.EndToEndTest@5824a83d]" started-at="2023-04-15T18:05:29 IST" name="tearDown" finished-at="2023-04-15T18:05:29 IST" duration-ms="1" status="PASS">
          <reporter-output>
          </reporter-output>
        </test-method> <!-- tearDown -->
      </class> <!-- InsuranceCalculator_Motorcycle.EndToEndTest -->
    </test> <!-- Default test -->
  </suite> <!-- Default suite -->
</testng-results>
