<?xml version="1.0" encoding="UTF-8"?>
<testng-results ignored="0" total="1" passed="1" failed="0" skipped="0">
  <reporter-output>
  </reporter-output>
  <suite started-at="2023-04-08T16:39:57 IST" name="Default suite" finished-at="2023-04-08T16:40:14 IST" duration-ms="16973">
    <groups>
    </groups>
    <test started-at="2023-04-08T16:39:57 IST" name="Default test" finished-at="2023-04-08T16:40:14 IST" duration-ms="16973">
      <class name="InsuranceCalculator_Motorcycle.ErrorHandlingCylinderCapacity_001">
        <test-method is-config="true" signature="setupMethod()[pri:0, instance:InsuranceCalculator_Motorcycle.ErrorHandlingCylinderCapacity_001@942a29c]" started-at="2023-04-08T16:39:57 IST" name="setupMethod" finished-at="2023-04-08T16:40:13 IST" duration-ms="15656" status="PASS">
          <reporter-output>
          </reporter-output>
        </test-method> <!-- setupMethod -->
        <test-method signature="errorHandlingCylCap()[pri:0, instance:InsuranceCalculator_Motorcycle.ErrorHandlingCylinderCapacity_001@942a29c]" started-at="2023-04-08T16:40:13 IST" name="errorHandlingCylCap" finished-at="2023-04-08T16:40:14 IST" duration-ms="1127" status="PASS">
          <reporter-output>
          </reporter-output>
        </test-method> <!-- errorHandlingCylCap -->
        <test-method is-config="true" signature="tearDown()[pri:0, instance:InsuranceCalculator_Motorcycle.ErrorHandlingCylinderCapacity_001@942a29c]" started-at="2023-04-08T16:40:14 IST" name="tearDown" finished-at="2023-04-08T16:40:14 IST" duration-ms="143" status="PASS">
          <reporter-output>
          </reporter-output>
        </test-method> <!-- tearDown -->
      </class> <!-- InsuranceCalculator_Motorcycle.ErrorHandlingCylinderCapacity_001 -->
    </test> <!-- Default test -->
  </suite> <!-- Default suite -->
</testng-results>
